<?xml version="1.0" encoding="UTF-8"?>
<!-- Generated by org.testng.reporters.JUnitReportReporter -->
<testsuite skipped="1" hostname="hugo-Inspiron-3583" name="treinamentorestassured.DataDriven" tests="8" failures="0" timestamp="2020-07-03T15:00:24 BRT" time="6.258" errors="0">
  <testcase name="cadastrarPetComSucesso" time="0.000" classname="treinamentorestassured.DataDriven">
    <skipped/>
  </testcase> <!-- cadastrarPetComSucesso -->
  <system-out/>
  <testcase name="cadastrarPetComSucesso1" time="0.465" classname="treinamentorestassured.DataDriven"/>
  <system-out/>
  <testcase name="cadastrarUserComSucesso" time="1.488" classname="treinamentorestassured.DataDriven"/>
  <system-out/>
  <testcase name="cadastrarPetComSucesso1" time="1.712" classname="treinamentorestassured.DataDriven"/>
  <system-out/>
  <testcase name="cadastrarUserComSucesso" time="0.347" classname="treinamentorestassured.DataDriven"/>
  <system-out/>
  <testcase name="cadastrarPetComSucesso1" time="1.581" classname="treinamentorestassured.DataDriven"/>
  <system-out/>
  <testcase name="cadastrarUserComSucesso" time="0.335" classname="treinamentorestassured.DataDriven"/>
  <system-out/>
  <testcase name="cadastrarUserComSucesso" time="0.330" classname="treinamentorestassured.DataDriven"/>
  <system-out/>
</testsuite> <!-- treinamentorestassured.DataDriven -->
