<?xml version="1.0" encoding="UTF-8"?>
<!-- Generated by org.testng.reporters.JUnitReportReporter -->
<testsuite skipped="0" hostname="hugo-Inspiron-3583" name="treinamentorestassured.TestesCompletos" tests="8" failures="0" timestamp="2020-07-03T15:00:24 BRT" time="2.834" errors="0">
  <testcase name="verificaSeContemChaveStatus" time="0.332" classname="treinamentorestassured.TestesCompletos"/>
  <system-out/>
  <testcase name="verificaSeIdNaoEVazio" time="0.351" classname="treinamentorestassured.TestesCompletos"/>
  <system-out/>
  <testcase name="verificaSeArrayPhotoUrlTemMenosDeTresItens" time="0.351" classname="treinamentorestassured.TestesCompletos"/>
  <system-out/>
  <testcase name="verificaSeArrayDeTagsTemMaisDeZeroItens" time="0.326" classname="treinamentorestassured.TestesCompletos"/>
  <system-out/>
  <testcase name="adicionarNovoPetComSucesso" time="0.390" classname="treinamentorestassured.TestesCompletos"/>
  <system-out/>
  <testcase name="verificaSeContemArrayDeTagsTemTamanhoIgualA2" time="0.351" classname="treinamentorestassured.TestesCompletos"/>
  <system-out/>
  <testcase name="verificaSeArrayPhotoUrlNaoEVazio" time="0.372" classname="treinamentorestassured.TestesCompletos"/>
  <system-out/>
  <testcase name="verificaSeContemArrayDeTagsContemObjetoCujoValorParaNameEIgualAmarelo" time="0.361" classname="treinamentorestassured.TestesCompletos"/>
  <system-out/>
</testsuite> <!-- treinamentorestassured.TestesCompletos -->
